<?xml version="1.0" encoding="utf-8"?><testsuites name="pytest tests"><testsuite name="pytest" errors="0" failures="0" skipped="0" tests="17" time="33.402" timestamp="2026-04-14T22:03:13.381073+00:00" hostname="agent-env-c8345929-a2a2-4624-aede-315b8a3a70b9"><testcase classname="tests.test_ethos_api.TestHealthEndpoint" name="test_health_endpoint" time="0.931" /><testcase classname="tests.test_ethos_api.TestChallengesCRUD" name="test_create_challenge" time="1.615" /><testcase classname="tests.test_ethos_api.TestChallengesCRUD" name="test_get_all_challenges" time="0.679" /><testcase classname="tests.test_ethos_api.TestChallengesCRUD" name="test_get_challenges_with_filter" time="0.705" /><testcase classname="tests.test_ethos_api.TestChallengesCRUD" name="test_get_single_challenge" time="1.418" /><testcase classname="tests.test_ethos_api.TestChallengesCRUD" name="test_update_challenge_draft" time="2.100" /><testcase classname="tests.test_ethos_api.TestChallengesCRUD" name="test_delete_challenge_draft" time="2.072" /><testcase classname="tests.test_ethos_api.TestChallengeLock" name="test_lock_challenge" time="2.121" /><testcase classname="tests.test_ethos_api.TestChallengeLock" name="test_cannot_update_locked_challenge" time="2.081" /><testcase classname="tests.test_ethos_api.TestChallengeLock" name="test_cannot_delete_locked_challenge" time="2.092" /><testcase classname="tests.test_ethos_api.TestCheckIns" name="test_create_checkin" time="2.139" /><testcase classname="tests.test_ethos_api.TestCheckIns" name="test_cannot_checkin_twice_same_day" time="2.731" /><testcase classname="tests.test_ethos_api.TestCheckIns" name="test_get_checkins" time="2.801" /><testcase classname="tests.test_ethos_api.TestCheckIns" name="test_get_today_checkin" time="2.786" /><testcase classname="tests.test_ethos_api.TestJudgment" name="test_judgment_honest" time="2.112" /><testcase classname="tests.test_ethos_api.TestSettings" name="test_get_default_settings" time="0.691" /><testcase classname="tests.test_ethos_api.TestSettings" name="test_update_settings" time="4.256" /></testsuite></testsuites>